*** Starting uWSGI 2.0.18 (64bit) on [Fri Mar 20 11:37:55 2020] ***
compiled with version: 7.5.0 on 20 March 2020 10:08:45
os: Linux-4.15.0-91-generic #92-Ubuntu SMP Fri Feb 28 11:09:48 UTC 2020
nodename: vps479125
machine: x86_64
clock source: unix
detected number of CPU cores: 2
current working directory: /home/retroaction/retroaction.io
detected binary path: /usr/local/bin/uwsgi
!!! no internal routing support, rebuild with pcre support !!!
group nobody not found.
unlink(): No such file or directory [core/uwsgi.c line 1673]
*** Starting uWSGI 2.0.18 (64bit) on [Fri Mar 20 11:38:04 2020] ***
compiled with version: 7.5.0 on 20 March 2020 10:08:45
os: Linux-4.15.0-91-generic #92-Ubuntu SMP Fri Feb 28 11:09:48 UTC 2020
nodename: vps479125
machine: x86_64
clock source: unix
detected number of CPU cores: 2
current working directory: /home/retroaction/retroaction.io
detected binary path: /usr/local/bin/uwsgi
!!! no internal routing support, rebuild with pcre support !!!
group nobody not found.
unlink(): No such file or directory [core/uwsgi.c line 1673]
*** Starting uWSGI 2.0.18 (64bit) on [Fri Mar 20 11:38:15 2020] ***
compiled with version: 7.5.0 on 20 March 2020 10:08:45
os: Linux-4.15.0-91-generic #92-Ubuntu SMP Fri Feb 28 11:09:48 UTC 2020
nodename: vps479125
machine: x86_64
clock source: unix
detected number of CPU cores: 2
current working directory: /home/retroaction/retroaction.io
detected binary path: /usr/local/bin/uwsgi
!!! no internal routing support, rebuild with pcre support !!!
group nobody not found.
unlink(): No such file or directory [core/uwsgi.c line 1673]
*** Starting uWSGI 2.0.18 (64bit) on [Fri Mar 20 11:47:07 2020] ***
compiled with version: 7.5.0 on 20 March 2020 10:08:45
os: Linux-4.15.0-91-generic #92-Ubuntu SMP Fri Feb 28 11:09:48 UTC 2020
nodename: vps479125
machine: x86_64
clock source: unix
detected number of CPU cores: 2
current working directory: /home/retroaction/retroaction.io
detected binary path: /usr/local/bin/uwsgi
!!! no internal routing support, rebuild with pcre support !!!
group nobody not found.
unlink(): No such file or directory [core/uwsgi.c line 1673]
*** Starting uWSGI 2.0.18 (64bit) on [Fri Mar 20 12:07:30 2020] ***
compiled with version: 7.5.0 on 20 March 2020 10:08:45
os: Linux-4.15.0-91-generic #92-Ubuntu SMP Fri Feb 28 11:09:48 UTC 2020
nodename: vps479125
machine: x86_64
clock source: unix
detected number of CPU cores: 2
current working directory: /home/retroaction/retroaction.io
detected binary path: /usr/local/bin/uwsgi
!!! no internal routing support, rebuild with pcre support !!!
setgid() to 33
setuid() to 33
your processes number limit is 46795
your memory page size is 4096 bytes
detected max file descriptor number: 1024
lock engine: pthread robust mutexes
thunder lock: disabled (you can enable it with --thunder-lock)
bind(): Permission denied [core/socket.c line 230]
unlink(): No such file or directory [core/uwsgi.c line 1673]
*** Starting uWSGI 2.0.18 (64bit) on [Fri Mar 20 12:07:46 2020] ***
compiled with version: 7.5.0 on 20 March 2020 10:08:45
os: Linux-4.15.0-91-generic #92-Ubuntu SMP Fri Feb 28 11:09:48 UTC 2020
nodename: vps479125
machine: x86_64
clock source: unix
detected number of CPU cores: 2
current working directory: /home/retroaction/retroaction.io
detected binary path: /usr/local/bin/uwsgi
!!! no internal routing support, rebuild with pcre support !!!
setgid() to 33
setuid() to 33
your processes number limit is 46795
your memory page size is 4096 bytes
detected max file descriptor number: 1024
lock engine: pthread robust mutexes
thunder lock: disabled (you can enable it with --thunder-lock)
uWSGI http bound on :8080 fd 4
uwsgi socket 0 bound to TCP address 127.0.0.1:34943 (port auto-assigned) fd 3
Python version: 3.6.9 (default, Nov  7 2019, 10:44:02)  [GCC 8.3.0]
Python main interpreter initialized at 0x55dceda3f360
python threads support enabled
your server socket listen backlog is limited to 100 connections
your mercy for graceful operations on workers is 60 seconds
mapped 3187480 bytes (3112 KB) for 32 cores
*** Operational MODE: preforking+threaded ***
WSGI app 0 (mountpoint='') ready in 0 seconds on interpreter 0x55dceda3f360 pid: 28568 (default app)
*** uWSGI is running in multiple interpreter mode ***
spawned uWSGI master process (pid: 28568)
spawned uWSGI worker 1 (pid: 28570, cores: 8)
spawned uWSGI worker 2 (pid: 28571, cores: 8)
spawned uWSGI worker 3 (pid: 28572, cores: 8)
spawned uWSGI worker 4 (pid: 28580, cores: 8)
bind(): Permission denied [core/socket.c line 230]
...brutally killing workers...
unlink(): No such file or directory [core/uwsgi.c line 1673]
Fri Mar 20 12:07:46 2020 - uWSGI worker 4 screams: UAAAAAAH my master disconnected: i will kill myself !!!
Fri Mar 20 12:07:46 2020 - uWSGI worker 4 screams: UAAAAAAH my master disconnected: i will kill myself !!!
Fri Mar 20 12:07:46 2020 - uWSGI worker 3 screams: UAAAAAAH my master disconnected: i will kill myself !!!
Fri Mar 20 12:07:46 2020 - uWSGI worker 2 screams: UAAAAAAH my master disconnected: i will kill myself !!!
Fri Mar 20 12:07:46 2020 - uWSGI worker 2 screams: UAAAAAAH my master disconnected: i will kill myself !!!
*** Starting uWSGI 2.0.18 (64bit) on [Fri Mar 20 14:20:04 2020] ***
compiled with version: 7.5.0 on 20 March 2020 10:08:45
os: Linux-4.15.0-91-generic #92-Ubuntu SMP Fri Feb 28 11:09:48 UTC 2020
nodename: vps479125
machine: x86_64
clock source: unix
detected number of CPU cores: 2
current working directory: /home/retroaction/retroaction.io
detected binary path: /usr/local/bin/uwsgi
!!! no internal routing support, rebuild with pcre support !!!
setgid() to 33
setuid() to 33
your processes number limit is 46795
your memory page size is 4096 bytes
detected max file descriptor number: 1024
lock engine: pthread robust mutexes
thunder lock: disabled (you can enable it with --thunder-lock)
uWSGI http bound on :8080 fd 4
uwsgi socket 0 bound to TCP address 127.0.0.1:35875 (port auto-assigned) fd 3
Python version: 3.6.9 (default, Nov  7 2019, 10:44:02)  [GCC 8.3.0]
Python main interpreter initialized at 0x559e50601360
python threads support enabled
your server socket listen backlog is limited to 100 connections
your mercy for graceful operations on workers is 60 seconds
mapped 3187480 bytes (3112 KB) for 32 cores
*** Operational MODE: preforking+threaded ***
WSGI app 0 (mountpoint='') ready in 0 seconds on interpreter 0x559e50601360 pid: 29989 (default app)
*** uWSGI is running in multiple interpreter mode ***
spawned uWSGI master process (pid: 29989)
spawned uWSGI worker 1 (pid: 29991, cores: 8)
spawned uWSGI worker 2 (pid: 29992, cores: 8)
spawned uWSGI worker 3 (pid: 29993, cores: 8)
spawned uWSGI worker 4 (pid: 30001, cores: 8)
bind(): Permission denied [core/socket.c line 230]
...brutally killing workers...
unlink(): No such file or directory [core/uwsgi.c line 1673]
Fri Mar 20 14:20:04 2020 - uWSGI worker 4 screams: UAAAAAAH my master disconnected: i will kill myself !!!
Fri Mar 20 14:20:04 2020 - uWSGI worker 4 screams: UAAAAAAH my master disconnected: i will kill myself !!!
Fri Mar 20 14:20:04 2020 - uWSGI worker 3 screams: UAAAAAAH my master disconnected: i will kill myself !!!
Fri Mar 20 14:20:04 2020 - uWSGI worker 2 screams: UAAAAAAH my master disconnected: i will kill myself !!!
